<?xml version="1.0" encoding="UTF-8" ?>
<testsuite tests="29" failures="0" name="KPDFCompareTest" time="11.927" errors="0" skipped="1">
  <properties>
[...]
</properties>
  <testcase classname="KPDFCompareTest" name="wrongRunOders_processDifferencesInDeviationWithTolerance" time="0.902"/>
  <testcase classname="KPDFCompareTest" name="compareTextContentsWhen32DifferencesWithFiltersWithIncorrectReplacements" time="1.128"/>
  <testcase classname="KPDFCompareTest" name="wrongRunOders" time="0.045"/>
  <testcase classname="KPDFCompareTest" name="compareTwoImages" time="0"/>
  <testcase classname="KPDFCompareTest" name="wrongRunOders_processDifferencesInCoordinateWithTolerance" time="0.043"/>
  <testcase classname="KPDFCompareTest" name="setThresholdStartXStartYToZero" time="0.354"/>
  <testcase classname="KPDFCompareTest" name="comparePdfByTextWhenIdenticalFilesWithFilter" time="0.006"/>
  <testcase classname="KPDFCompareTest" name="compareTextContentsWhen1DifferencesInStrokingColorRenderingMode" time="0.05"/>
  <testcase classname="KPDFCompareTest" name="getPDDocumentTest" time="0.05">
    <skipped/>
  </testcase>
  <testcase classname="KPDFCompareTest" name="setThresholdStartXStartYTo3percent" time="0.215"/>
  <testcase classname="KPDFCompareTest" name="compareTextContentsWhen32DifferencesWithFiltersNOReplacement" time="0.025"/>
  <testcase classname="KPDFCompareTest" name="generateFiltersTest" time="0.041"/>
  <testcase classname="KPDFCompareTest" name="comparedTextByColorRenderingModeTestWithSameColorsCountButStillDifferent" time="0.095"/>
  <testcase classname="KPDFCompareTest" name="compareTextContentsWhe2DifferencesWithFiltersNoFilterOnDifference" time="0.086"/>
  <testcase classname="KPDFCompareTest" name="comparePDFs1" time="0.173"/>
  <testcase classname="KPDFCompareTest" name="test1" time="0.035"/>
  <testcase classname="KPDFCompareTest" name="wrongRunOders2" time="0.04"/>
  <testcase classname="KPDFCompareTest" name="wrongRunOders3" time="3.91"/>
  <testcase classname="KPDFCompareTest" name="wrongRunOders4" time="0.041"/>
  <testcase classname="KPDFCompareTest" name="comparePDFsVisually1NOToleranceThenThereIsDifference" time="1.976"/>
  <testcase classname="KPDFCompareTest" name="comparePdfByTextContentWhen2FilesAreIdentical" time="0.072"/>
  <testcase classname="KPDFCompareTest" name="compareTextContentsWhen4DifferencesNoFilters" time="0.154"/>
  <testcase classname="KPDFCompareTest" name="checkIfAlignedInCooridnate" time="0.151"/>
  <testcase classname="KPDFCompareTest" name="comparePDFsVisually" time="1.972"/>
  <testcase classname="KPDFCompareTest" name="comparedTextByColorRenderingModeTestWithTotallyDifferentColors" time="0.06"/>
  <testcase classname="KPDFCompareTest" name="pdfToImage" time="0.101"/>
  <testcase classname="KPDFCompareTest" name="compareTextContentsWhenNoDifferencesInStrokingColorRenderingMode" time="0.056"/>
  <testcase classname="KPDFCompareTest" name="comparePdfByTextWhenTwoFilesHave17Differences" time="0.073"/>
  <testcase classname="KPDFCompareTest" name="compareTextContentsWhen32DifferencesWithFiltersWithCorrectReplacements" time="0.073"/>
</testsuite>